Determining if the pthread_create exist failed with the following output:
Change Dir: /mnt/c/Users/wangziwen/Desktop/remark-holding-test/build/CMakeFiles/CMakeTmp

Run Build Command:"/usr/bin/make" "cmTC_1e7f2/fast"
/usr/bin/make -f CMakeFiles/cmTC_1e7f2.dir/build.make CMakeFiles/cmTC_1e7f2.dir/build
make[1]: Entering directory '/mnt/c/Users/wangziwen/Desktop/remark-holding-test/build/CMakeFiles/CMakeTmp'
Building C object CMakeFiles/cmTC_1e7f2.dir/CheckSymbolExists.c.o
/usr/bin/cc    -o CMakeFiles/cmTC_1e7f2.dir/CheckSymbolExists.c.o   -c /mnt/c/Users/wangziwen/Desktop/remark-holding-test/build/CMakeFiles/CMakeTmp/CheckSymbolExists.c
Linking C executable cmTC_1e7f2
/usr/bin/cmake -E cmake_link_script CMakeFiles/cmTC_1e7f2.dir/link.txt --verbose=1
/usr/bin/cc      -rdynamic CMakeFiles/cmTC_1e7f2.dir/CheckSymbolExists.c.o  -o cmTC_1e7f2 
CMakeFiles/cmTC_1e7f2.dir/CheckSymbolExists.c.o: In function `main':
CheckSymbolExists.c:(.text+0x1b): undefined reference to `pthread_create'
collect2: error: ld returned 1 exit status
CMakeFiles/cmTC_1e7f2.dir/build.make:97: recipe for target 'cmTC_1e7f2' failed
make[1]: *** [cmTC_1e7f2] Error 1
make[1]: Leaving directory '/mnt/c/Users/wangziwen/Desktop/remark-holding-test/build/CMakeFiles/CMakeTmp'
Makefile:126: recipe for target 'cmTC_1e7f2/fast' failed
make: *** [cmTC_1e7f2/fast] Error 2

File /mnt/c/Users/wangziwen/Desktop/remark-holding-test/build/CMakeFiles/CMakeTmp/CheckSymbolExists.c:
/* */
#include <pthread.h>

int main(int argc, char** argv)
{
  (void)argv;
#ifndef pthread_create
  return ((int*)(&pthread_create))[argc];
#else
  (void)argc;
  return 0;
#endif
}

Determining if the function pthread_create exists in the pthreads failed with the following output:
Change Dir: /mnt/c/Users/wangziwen/Desktop/remark-holding-test/build/CMakeFiles/CMakeTmp

Run Build Command:"/usr/bin/make" "cmTC_ae0fe/fast"
/usr/bin/make -f CMakeFiles/cmTC_ae0fe.dir/build.make CMakeFiles/cmTC_ae0fe.dir/build
make[1]: Entering directory '/mnt/c/Users/wangziwen/Desktop/remark-holding-test/build/CMakeFiles/CMakeTmp'
Building C object CMakeFiles/cmTC_ae0fe.dir/CheckFunctionExists.c.o
/usr/bin/cc   -DCHECK_FUNCTION_EXISTS=pthread_create   -o CMakeFiles/cmTC_ae0fe.dir/CheckFunctionExists.c.o   -c /usr/share/cmake-3.10/Modules/CheckFunctionExists.c
Linking C executable cmTC_ae0fe
/usr/bin/cmake -E cmake_link_script CMakeFiles/cmTC_ae0fe.dir/link.txt --verbose=1
/usr/bin/cc  -DCHECK_FUNCTION_EXISTS=pthread_create    -rdynamic CMakeFiles/cmTC_ae0fe.dir/CheckFunctionExists.c.o  -o cmTC_ae0fe -lpthreads 
/usr/bin/x86_64-linux-gnu-ld: cannot find -lpthreads
collect2: error: ld returned 1 exit status
CMakeFiles/cmTC_ae0fe.dir/build.make:97: recipe for target 'cmTC_ae0fe' failed
make[1]: *** [cmTC_ae0fe] Error 1
make[1]: Leaving directory '/mnt/c/Users/wangziwen/Desktop/remark-holding-test/build/CMakeFiles/CMakeTmp'
Makefile:126: recipe for target 'cmTC_ae0fe/fast' failed
make: *** [cmTC_ae0fe/fast] Error 2


